Checking for expired users...
INFO 2026-01-14 23:10:04,269 tasks 35453 8309842048 🔍 Found 0 expired users to disconnect
INFO 2026-01-14 23:10:04,272 tasks 35453 8309842048 🎯 Expired user cleanup complete: 0 users disconnected, 0 devices deactivated, 0 SMS sent, 0 failures
✓ Disconnected 0 expired users from MikroTik
  Total users checked: 0

Done!
Checking for expired users...
INFO 2026-01-14 23:15:02,396 tasks 36058 8309842048 🔍 Found 0 expired users to disconnect
INFO 2026-01-14 23:15:02,399 tasks 36058 8309842048 🎯 Expired user cleanup complete: 0 users disconnected, 0 devices deactivated, 0 SMS sent, 0 failures
✓ Disconnected 0 expired users from MikroTik
  Total users checked: 0

Done!
Checking for expired users...
INFO 2026-01-14 23:20:02,597 tasks 36428 8309842048 🔍 Found 0 expired users to disconnect
INFO 2026-01-14 23:20:02,602 tasks 36428 8309842048 🎯 Expired user cleanup complete: 0 users disconnected, 0 devices deactivated, 0 SMS sent, 0 failures
✓ Disconnected 0 expired users from MikroTik
  Total users checked: 0

Done!
Checking for expired users...
INFO 2026-01-14 23:25:01,933 tasks 36618 8309842048 🔍 Found 0 expired users to disconnect
INFO 2026-01-14 23:25:01,937 tasks 36618 8309842048 🎯 Expired user cleanup complete: 0 users disconnected, 0 devices deactivated, 0 SMS sent, 0 failures
✓ Disconnected 0 expired users from MikroTik
  Total users checked: 0

Done!
Checking for expired users...
INFO 2026-01-14 23:30:02,586 tasks 36790 8309842048 🔍 Found 0 expired users to disconnect
INFO 2026-01-14 23:30:02,590 tasks 36790 8309842048 🎯 Expired user cleanup complete: 0 users disconnected, 0 devices deactivated, 0 SMS sent, 0 failures
✓ Disconnected 0 expired users from MikroTik
  Total users checked: 0

Done!
Checking for expired users...
INFO 2026-01-14 23:35:01,905 tasks 36968 8309842048 🔍 Found 0 expired users to disconnect
INFO 2026-01-14 23:35:01,910 tasks 36968 8309842048 🎯 Expired user cleanup complete: 0 users disconnected, 0 devices deactivated, 0 SMS sent, 0 failures
✓ Disconnected 0 expired users from MikroTik
  Total users checked: 0

Done!
Checking for expired users...
INFO 2026-01-14 23:40:02,244 tasks 37152 8309842048 🔍 Found 0 expired users to disconnect
INFO 2026-01-14 23:40:02,248 tasks 37152 8309842048 🎯 Expired user cleanup complete: 0 users disconnected, 0 devices deactivated, 0 SMS sent, 0 failures
✓ Disconnected 0 expired users from MikroTik
  Total users checked: 0

Done!
Checking for expired users...
INFO 2026-01-14 23:45:02,550 tasks 37299 8309842048 🔍 Found 0 expired users to disconnect
INFO 2026-01-14 23:45:02,552 tasks 37299 8309842048 🎯 Expired user cleanup complete: 0 users disconnected, 0 devices deactivated, 0 SMS sent, 0 failures
✓ Disconnected 0 expired users from MikroTik
  Total users checked: 0

Done!
