INFO 2025-10-27 14:26:15,864 autoreload 12452 8304402752 Watching for file changes with StatReloader
INFO 2025-10-27 14:26:32,275 basehttp 12452 6167556096 "HEAD /static/admin/css/base.css HTTP/1.1" 301 0
INFO 2025-10-27 16:13:04,016 mikrotik 18341 8304402752 Mikrotik authentication request for user 255700000000
INFO 2025-10-28 12:01:36,893 autoreload 44417 8304402752 Watching for file changes with StatReloader
INFO 2025-10-28 12:01:47,250 basehttp 44417 6168506368 "GET /health/ HTTP/1.1" 301 0
INFO 2025-10-28 12:01:47,265 basehttp 44417 6168506368 code 400, message Bad request version ('\x00\x02\x01\x00\x00')
ERROR 2025-10-28 12:01:47,266 basehttp 44417 6168506368 You're accessing the development server over HTTPS, but it only supports HTTP.
INFO 2025-10-28 12:02:09,374 basehttp 44417 6168506368 "GET /health/ HTTP/1.1" 301 0
INFO 2025-10-28 12:03:38,610 basehttp 44417 6168506368 "GET /api/health/ HTTP/1.1" 301 0
INFO 2025-10-28 12:03:38,619 basehttp 44417 6168506368 code 400, message Bad request version ('\x00\x02\x01\x00\x00')
ERROR 2025-10-28 12:03:38,619 basehttp 44417 6168506368 You're accessing the development server over HTTPS, but it only supports HTTP.
INFO 2025-10-28 12:04:00,633 basehttp 44417 6168506368 "GET /api/health/ HTTP/1.1" 301 0
INFO 2025-10-28 12:04:08,822 basehttp 44417 6168506368 "GET /api/health/ HTTP/1.1" 301 0
INFO 2025-10-28 12:15:20,130 autoreload 47322 8304402752 Watching for file changes with StatReloader
INFO 2025-10-28 12:16:04,819 autoreload 47322 8304402752 /Users/macbookair/Desktop/kitonga/billing/views.py changed, reloading.
INFO 2025-10-28 12:16:05,405 autoreload 47346 8304402752 Watching for file changes with StatReloader
INFO 2025-10-28 12:16:14,636 autoreload 47346 8304402752 /Users/macbookair/Desktop/kitonga/billing/urls.py changed, reloading.
INFO 2025-10-28 12:16:15,089 autoreload 47364 8304402752 Watching for file changes with StatReloader
INFO 2025-10-28 12:16:25,724 basehttp 47364 6191951872 "GET /api/mikrotik/status/ HTTP/1.1" 301 0
INFO 2025-10-28 12:16:43,154 basehttp 47364 6191951872 "GET /api/mikrotik/status/ HTTP/1.1" 301 0
INFO 2025-10-28 12:16:52,641 basehttp 47364 6191951872 "GET /api/mikrotik/status/ HTTP/1.1" 301 0
INFO 2025-10-28 12:17:08,693 basehttp 47364 6191951872 "GET /api/mikrotik/status/ HTTP/1.1" 301 0
INFO 2025-10-28 12:17:51,065 basehttp 47364 6191951872 "GET /api/auth/profile/ HTTP/1.1" 301 0
INFO 2025-10-28 12:17:51,066 basehttp 47364 6208778240 "GET /api/mikrotik/status/?username=admin HTTP/1.1" 301 0
INFO 2025-10-28 12:18:05,241 basehttp 47364 6191951872 "POST /api/auth/login/ HTTP/1.1" 301 0
INFO 2025-10-28 12:18:11,557 basehttp 47364 6191951872 "POST /api/auth/login/ HTTP/1.1" 301 0
INFO 2025-10-28 12:18:24,625 basehttp 47364 6191951872 "POST /api/auth/login/ HTTP/1.1" 301 0
INFO 2025-10-28 12:18:30,503 basehttp 47364 6191951872 "POST /api/auth/login/ HTTP/1.1" 301 0
INFO 2025-10-28 12:18:46,416 autoreload 48754 8304402752 Watching for file changes with StatReloader
INFO 2025-10-28 12:19:12,141 autoreload 49064 8304402752 Watching for file changes with StatReloader
INFO 2025-10-28 12:19:30,811 basehttp 49064 6135738368 "GET /api/mikrotik/status/ HTTP/1.1" 301 0
INFO 2025-10-28 12:36:22,321 autoreload 2099167 139687989540672 Watching for file changes with StatReloader
WARNING 2025-10-28 12:55:07,746 log 2169189 139764793022272 Unauthorized: /api/auth/profile/
WARNING 2025-10-28 13:10:29,479 log 2242864 139764793022272 Unauthorized: /api/auth/profile/
WARNING 2025-10-28 13:13:04,965 log 2242864 139764793022272 Unauthorized: /api/auth/profile/
WARNING 2025-10-28 13:15:48,861 log 2264787 139764793022272 Unauthorized: /api/auth/profile/
WARNING 2025-10-28 13:15:49,274 log 2264787 139764793022272 Unauthorized: /api/auth/profile/
WARNING 2025-10-28 13:16:57,976 log 2242866 139764793022272 Unauthorized: /api/auth/profile/
WARNING 2025-10-28 13:16:58,338 log 2242864 139764793022272 Unauthorized: /api/auth/profile/
WARNING 2025-10-28 13:23:49,086 log 2291759 139764793022272 Unauthorized: /api/auth/profile/
WARNING 2025-10-28 13:23:49,429 log 2291759 139764793022272 Unauthorized: /api/auth/profile/
WARNING 2025-10-28 13:31:32,149 log 2291759 139764793022272 Not Found: /api/admin/users/
WARNING 2025-10-28 13:31:32,489 log 2291759 139764793022272 Not Found: /api/admin/users/
WARNING 2025-10-28 13:32:44,021 log 2291759 139764793022272 Not Found: /api/admin/users/
WARNING 2025-10-28 13:32:44,457 log 2291759 139764793022272 Not Found: /api/admin/users/
INFO 2025-10-28 19:55:59,531 autoreload 2453642 139951166228288 Watching for file changes with StatReloader
INFO 2025-10-28 20:18:16,451 views 3290559 140377464006464 ClickPesa webhook received: {"event": "PAYMENT FAILED", "data": {"id": "CLPLCPCAEM1EA", "status": "FAILED", "channel": "TIGO-PESA", "orderReference": "KITONGA9DED37E57", "message": "Transaction timedout", "updatedAt": "2025-10-28T17:18:12.424Z", "createdAt": "2025-10-28T17:13:11.870Z", "customer": {"customerName": "ESTER MBWAMBO", "customerPhoneNumber": "255712345999"}, "clientId": "IDlUeSuskCXqxxYcEpJZwgAj41OoBkzl"}}
ERROR 2025-10-28 20:18:16,495 views 3290559 140377464006464 Payment not found for order reference: KITONGA9DED37E57
WARNING 2025-10-28 20:18:16,530 log 3290559 140377464006464 Not Found: /api/clickpesa-webhook/
INFO 2025-10-28 20:19:25,019 views 3290559 140377464006464 ClickPesa webhook received: {"event": "PAYMENT FAILED", "data": {"id": "CLPLCPCAAA5DG", "status": "FAILED", "channel": "TIGO-PESA", "orderReference": "KITONGA9AC282A9C", "message": "Transaction timedout", "updatedAt": "2025-10-28T17:19:21.546Z", "createdAt": "2025-10-28T17:14:20.891Z", "customer": {"customerName": "ESTER MBWAMBO", "customerPhoneNumber": "255712345999"}, "clientId": "IDlUeSuskCXqxxYcEpJZwgAj41OoBkzl"}}
ERROR 2025-10-28 20:19:25,083 views 3290559 140377464006464 Payment not found for order reference: KITONGA9AC282A9C
WARNING 2025-10-28 20:19:25,109 log 3290559 140377464006464 Not Found: /api/clickpesa-webhook/
ERROR 2025-10-28 20:22:03,954 views 3290576 140377464006464 Error getting user detail: 'Payment' object has no attribute 'expires_at'
ERROR 2025-10-28 20:22:03,959 log 3290576 140377464006464 Internal Server Error: /api/admin/users/6/
ERROR 2025-10-28 20:22:13,036 views 3290576 140377464006464 Error getting user detail: 'Payment' object has no attribute 'expires_at'
ERROR 2025-10-28 20:22:13,037 log 3290576 140377464006464 Internal Server Error: /api/admin/users/7/
ERROR 2025-10-28 20:22:21,773 views 3290576 140377464006464 Error getting user detail: 'Payment' object has no attribute 'expires_at'
ERROR 2025-10-28 20:22:21,774 log 3290576 140377464006464 Internal Server Error: /api/admin/users/3/
INFO 2025-10-28 20:24:31,348 views 3290576 140377464006464 ClickPesa webhook received: {"event": "PAYMENT FAILED", "data": {"id": "CLPLCPCAM6DE5", "status": "FAILED", "channel": "TIGO-PESA", "orderReference": "KITONGA109909633C", "message": "Transaction timedout", "updatedAt": "2025-10-28T17:24:27.958Z", "createdAt": "2025-10-28T17:19:27.403Z", "customer": {"customerName": "BLANDINA MALLYA", "customerPhoneNumber": "255712345888"}, "clientId": "IDlUeSuskCXqxxYcEpJZwgAj41OoBkzl"}}
ERROR 2025-10-28 20:24:31,375 views 3290576 140377464006464 Payment not found for order reference: KITONGA109909633C
WARNING 2025-10-28 20:24:31,389 log 3290576 140377464006464 Not Found: /api/clickpesa-webhook/
